<html>
<head>
<title>TestNG:  Signup_from_FUN</title>
<link href="../testng.css" rel="stylesheet" type="text/css" />
<link href="../my-testng.css" rel="stylesheet" type="text/css" />

<style type="text/css">
.log { display: none;} 
.stack-trace { display: none;} 
</style>
<script type="text/javascript">
<!--
function flip(e) {
  current = e.style.display;
  if (current == 'block') {
    e.style.display = 'none';
    return 0;
  }
  else {
    e.style.display = 'block';
    return 1;
  }
}

function toggleBox(szDivId, elem, msg1, msg2)
{
  var res = -1;  if (document.getElementById) {
    res = flip(document.getElementById(szDivId));
  }
  else if (document.all) {
    // this is the way old msie versions work
    res = flip(document.all[szDivId]);
  }
  if(elem) {
    if(res == 0) elem.innerHTML = msg1; else elem.innerHTML = msg2;
  }

}

function toggleAllBoxes() {
  if (document.getElementsByTagName) {
    d = document.getElementsByTagName('div');
    for (i = 0; i < d.length; i++) {
      if (d[i].className == 'log') {
        flip(d[i]);
      }
    }
  }
}

// -->
</script>

</head>
<body>
<h2 align='center'>Signup_from_FUN</h2><table border='1' align="center">
<tr>
<td>Tests passed/Failed/Skipped:</td><td>4/1/0</td>
</tr><tr>
<td>Started on:</td><td>Mon Mar 02 11:02:00 GMT 2020</td>
</tr>
<tr><td>Total time:</td><td>83 seconds (83570 ms)</td>
</tr><tr>
<td>Included groups:</td><td></td>
</tr><tr>
<td>Excluded groups:</td><td></td>
</tr>
</table><p/>
<small><i>(Hover the method name to see the test class name)</i></small><p/>
<table width='100%' border='1' class='invocation-failed'>
<tr><td colspan='4' align='center'><b>FAILED TESTS</b></td></tr>
<tr><td><b>Test method</b></td>
<td width="30%"><b>Exception</b></td>
<td width="10%"><b>Time (seconds)</b></td>
<td><b>Instance</b></td>
</tr>
<tr>
<td title='Stepdef.GranthamLive.GRASMO02_Grantham_register_from_wallet.navigated_to_Cricketer_com()'><b>navigated_to_Cricketer_com</b><br>Test class: Stepdef.GranthamLive.GRASMO02_Grantham_register_from_wallet</td>
<td><div><pre>java.lang.AssertionError: expected [https://www.thecricketer.com/Topics/premimum_features/englishman_in_antigua_johnny_grave_is_in_charge_of_west_indies_cricket_trying_to_lead_a_renaissance_and_beating_joe_roots_men_did_no_harm.html] but found [https://www.granthamjournal.co.uk/news/stowaway-crab-rescued-from-grantham-train-9078953/]
	at Stepdef.GranthamLive.GRASMO02_Grantham_register_from_wallet.navigated_to_Cricketer_com(GRASMO02_Grantham_register_from_wallet.java:98)
... Removed 31 stack frames</pre></div><a href='#' onClick='toggleBox("stack-trace1289869008", this, "Click to show all stack frames", "Click to hide stack frames")'>Click to show all stack frames</a>
<div class='stack-trace' id='stack-trace1289869008'><pre>java.lang.AssertionError: expected [https://www.thecricketer.com/Topics/premimum_features/englishman_in_antigua_johnny_grave_is_in_charge_of_west_indies_cricket_trying_to_lead_a_renaissance_and_beating_joe_roots_men_did_no_harm.html] but found [https://www.granthamjournal.co.uk/news/stowaway-crab-rescued-from-grantham-train-9078953/]
	at org.testng.Assert.fail(Assert.java:96)
	at org.testng.Assert.failNotEquals(Assert.java:776)
	at org.testng.Assert.assertEqualsImpl(Assert.java:137)
	at org.testng.Assert.assertEquals(Assert.java:118)
	at org.testng.Assert.assertEquals(Assert.java:453)
	at org.testng.Assert.assertEquals(Assert.java:463)
	at Stepdef.GranthamLive.GRASMO02_Grantham_register_from_wallet.navigated_to_Cricketer_com(GRASMO02_Grantham_register_from_wallet.java:98)
	at sun.reflect.NativeMethodAccessorImpl.invoke0(Native Method)
	at sun.reflect.NativeMethodAccessorImpl.invoke(NativeMethodAccessorImpl.java:62)
	at sun.reflect.DelegatingMethodAccessorImpl.invoke(DelegatingMethodAccessorImpl.java:43)
	at java.lang.reflect.Method.invoke(Method.java:498)
	at org.testng.internal.MethodInvocationHelper.invokeMethod(MethodInvocationHelper.java:124)
	at org.testng.internal.Invoker.invokeMethod(Invoker.java:583)
	at org.testng.internal.Invoker.invokeTestMethod(Invoker.java:719)
	at org.testng.internal.Invoker.invokeTestMethods(Invoker.java:989)
	at org.testng.internal.TestMethodWorker.invokeTestMethods(TestMethodWorker.java:125)
	at org.testng.internal.TestMethodWorker.run(TestMethodWorker.java:109)
	at org.testng.TestRunner.privateRun(TestRunner.java:648)
	at org.testng.TestRunner.run(TestRunner.java:505)
	at org.testng.SuiteRunner.runTest(SuiteRunner.java:455)
	at org.testng.SuiteRunner.runSequentially(SuiteRunner.java:450)
	at org.testng.SuiteRunner.privateRun(SuiteRunner.java:415)
	at org.testng.SuiteRunner.run(SuiteRunner.java:364)
	at org.testng.SuiteRunnerWorker.runSuite(SuiteRunnerWorker.java:52)
	at org.testng.SuiteRunnerWorker.run(SuiteRunnerWorker.java:84)
	at org.testng.TestNG.runSuitesSequentially(TestNG.java:1208)
	at org.testng.TestNG.runSuitesLocally(TestNG.java:1137)
	at org.testng.TestNG.runSuites(TestNG.java:1049)
	at org.testng.TestNG.run(TestNG.java:1017)
	at org.testng.remote.AbstractRemoteTestNG.run(AbstractRemoteTestNG.java:114)
	at org.testng.remote.RemoteTestNG.initAndRun(RemoteTestNG.java:251)
	at org.testng.remote.RemoteTestNG.main(RemoteTestNG.java:77)
</pre></div></td>
<td>0</td>
<td>Stepdef.GranthamLive.GRASMO02_Grantham_register_from_wallet@210366b4</td></tr>
</table><p>
<table width='100%' border='1' class='invocation-passed'>
<tr><td colspan='4' align='center'><b>PASSED TESTS</b></td></tr>
<tr><td><b>Test method</b></td>
<td width="30%"><b>Exception</b></td>
<td width="10%"><b>Time (seconds)</b></td>
<td><b>Instance</b></td>
</tr>
<tr>
<td title='Stepdef.GranthamLive.GRASMO02_Grantham_register_from_wallet.i_am_a_user_of_Axate_and_I_am_on_the_registration_page_through_Cricketer_Wallet_homepages()'><b>i_am_a_user_of_Axate_and_I_am_on_the_registration_page_through_Cricketer_Wallet_homepages</b><br>Test class: Stepdef.GranthamLive.GRASMO02_Grantham_register_from_wallet<br>Parameters: chrome</td>
<td></td>
<td>20</td>
<td>Stepdef.GranthamLive.GRASMO02_Grantham_register_from_wallet@210366b4</td></tr>
<tr>
<td title='Stepdef.GranthamLive.GRASMO02_Grantham_register_from_wallet.i_enter_all_the_required_details_on_step_one_and_click_on_continue()'><b>i_enter_all_the_required_details_on_step_one_and_click_on_continue</b><br>Test class: Stepdef.GranthamLive.GRASMO02_Grantham_register_from_wallet</td>
<td></td>
<td>46</td>
<td>Stepdef.GranthamLive.GRASMO02_Grantham_register_from_wallet@210366b4</td></tr>
<tr>
<td title='Stepdef.GranthamLive.GRASMO02_Grantham_register_from_wallet.i_get_a_funded_axate_wallet_with_one_pound_in_it()'><b>i_get_a_funded_axate_wallet_with_one_pound_in_it</b><br>Test class: Stepdef.GranthamLive.GRASMO02_Grantham_register_from_wallet</td>
<td></td>
<td>9</td>
<td>Stepdef.GranthamLive.GRASMO02_Grantham_register_from_wallet@210366b4</td></tr>
<tr>
<td title='Stepdef.GranthamLive.GRASMO02_Grantham_register_from_wallet.top_up_with_a_valid_card_in_steptwo_with_one_pound_and_click_on_continue()'><b>top_up_with_a_valid_card_in_steptwo_with_one_pound_and_click_on_continue</b><br>Test class: Stepdef.GranthamLive.GRASMO02_Grantham_register_from_wallet</td>
<td></td>
<td>7</td>
<td>Stepdef.GranthamLive.GRASMO02_Grantham_register_from_wallet@210366b4</td></tr>
</table><p>
</body>
</html>