<?xml version="1.0" encoding="UTF-8"?>
<testng-results skipped="0" failed="1" ignored="0" total="5" passed="4">
  <reporter-output>
  </reporter-output>
  <suite name=" Popbitch Safari" duration-ms="83570" started-at="2020-03-02T11:02:00Z" finished-at="2020-03-02T11:03:24Z">
    <groups>
    </groups>
    <test name="Signup_from_FUN" duration-ms="83570" started-at="2020-03-02T11:02:00Z" finished-at="2020-03-02T11:03:24Z">
      <class name="Stepdef.GranthamLive.GRASMO02_Grantham_register_from_wallet">
        <test-method status="PASS" signature="i_am_a_user_of_Axate_and_I_am_on_the_registration_page_through_Cricketer_Wallet_homepages(java.lang.String)[pri:7, instance:Stepdef.GranthamLive.GRASMO02_Grantham_register_from_wallet@210366b4]" name="i_am_a_user_of_Axate_and_I_am_on_the_registration_page_through_Cricketer_Wallet_homepages" duration-ms="20332" started-at="2020-03-02T11:02:00Z" finished-at="2020-03-02T11:02:21Z">
          <params>
            <param index="0">
              <value>
                <![CDATA[chrome]]>
              </value>
            </param>
          </params>
          <reporter-output>
          </reporter-output>
        </test-method> <!-- i_am_a_user_of_Axate_and_I_am_on_the_registration_page_through_Cricketer_Wallet_homepages -->
        <test-method status="PASS" signature="i_enter_all_the_required_details_on_step_one_and_click_on_continue()[pri:8, instance:Stepdef.GranthamLive.GRASMO02_Grantham_register_from_wallet@210366b4]" name="i_enter_all_the_required_details_on_step_one_and_click_on_continue" duration-ms="46175" started-at="2020-03-02T11:02:21Z" finished-at="2020-03-02T11:03:07Z">
          <reporter-output>
          </reporter-output>
        </test-method> <!-- i_enter_all_the_required_details_on_step_one_and_click_on_continue -->
        <test-method status="PASS" signature="top_up_with_a_valid_card_in_steptwo_with_one_pound_and_click_on_continue()[pri:9, instance:Stepdef.GranthamLive.GRASMO02_Grantham_register_from_wallet@210366b4]" name="top_up_with_a_valid_card_in_steptwo_with_one_pound_and_click_on_continue" duration-ms="7332" started-at="2020-03-02T11:03:07Z" finished-at="2020-03-02T11:03:14Z">
          <reporter-output>
          </reporter-output>
        </test-method> <!-- top_up_with_a_valid_card_in_steptwo_with_one_pound_and_click_on_continue -->
        <test-method status="PASS" signature="i_get_a_funded_axate_wallet_with_one_pound_in_it()[pri:10, instance:Stepdef.GranthamLive.GRASMO02_Grantham_register_from_wallet@210366b4]" name="i_get_a_funded_axate_wallet_with_one_pound_in_it" duration-ms="9697" started-at="2020-03-02T11:03:14Z" finished-at="2020-03-02T11:03:24Z">
          <reporter-output>
          </reporter-output>
        </test-method> <!-- i_get_a_funded_axate_wallet_with_one_pound_in_it -->
        <test-method status="FAIL" signature="navigated_to_Cricketer_com()[pri:11, instance:Stepdef.GranthamLive.GRASMO02_Grantham_register_from_wallet@210366b4]" name="navigated_to_Cricketer_com" duration-ms="5" started-at="2020-03-02T11:03:24Z" finished-at="2020-03-02T11:03:24Z">
          <exception class="java.lang.AssertionError">
            <message>
              <![CDATA[expected [https://www.thecricketer.com/Topics/premimum_features/englishman_in_antigua_johnny_grave_is_in_charge_of_west_indies_cricket_trying_to_lead_a_renaissance_and_beating_joe_roots_men_did_no_harm.html] but found [https://www.granthamjournal.co.uk/news/stowaway-crab-rescued-from-grantham-train-9078953/]]]>
            </message>
            <full-stacktrace>
              <![CDATA[java.lang.AssertionError: expected [https://www.thecricketer.com/Topics/premimum_features/englishman_in_antigua_johnny_grave_is_in_charge_of_west_indies_cricket_trying_to_lead_a_renaissance_and_beating_joe_roots_men_did_no_harm.html] but found [https://www.granthamjournal.co.uk/news/stowaway-crab-rescued-from-grantham-train-9078953/]
at org.testng.Assert.fail(Assert.java:96)
at org.testng.Assert.failNotEquals(Assert.java:776)
at org.testng.Assert.assertEqualsImpl(Assert.java:137)
at org.testng.Assert.assertEquals(Assert.java:118)
at org.testng.Assert.assertEquals(Assert.java:453)
at org.testng.Assert.assertEquals(Assert.java:463)
at Stepdef.GranthamLive.GRASMO02_Grantham_register_from_wallet.navigated_to_Cricketer_com(GRASMO02_Grantham_register_from_wallet.java:98)
at sun.reflect.NativeMethodAccessorImpl.invoke0(Native Method)
at sun.reflect.NativeMethodAccessorImpl.invoke(NativeMethodAccessorImpl.java:62)
at sun.reflect.DelegatingMethodAccessorImpl.invoke(DelegatingMethodAccessorImpl.java:43)
at java.lang.reflect.Method.invoke(Method.java:498)
at org.testng.internal.MethodInvocationHelper.invokeMethod(MethodInvocationHelper.java:124)
at org.testng.internal.Invoker.invokeMethod(Invoker.java:583)
at org.testng.internal.Invoker.invokeTestMethod(Invoker.java:719)
at org.testng.internal.Invoker.invokeTestMethods(Invoker.java:989)
at org.testng.internal.TestMethodWorker.invokeTestMethods(TestMethodWorker.java:125)
at org.testng.internal.TestMethodWorker.run(TestMethodWorker.java:109)
at org.testng.TestRunner.privateRun(TestRunner.java:648)
at org.testng.TestRunner.run(TestRunner.java:505)
at org.testng.SuiteRunner.runTest(SuiteRunner.java:455)
at org.testng.SuiteRunner.runSequentially(SuiteRunner.java:450)
at org.testng.SuiteRunner.privateRun(SuiteRunner.java:415)
at org.testng.SuiteRunner.run(SuiteRunner.java:364)
at org.testng.SuiteRunnerWorker.runSuite(SuiteRunnerWorker.java:52)
at org.testng.SuiteRunnerWorker.run(SuiteRunnerWorker.java:84)
at org.testng.TestNG.runSuitesSequentially(TestNG.java:1208)
at org.testng.TestNG.runSuitesLocally(TestNG.java:1137)
at org.testng.TestNG.runSuites(TestNG.java:1049)
at org.testng.TestNG.run(TestNG.java:1017)
at org.testng.remote.AbstractRemoteTestNG.run(AbstractRemoteTestNG.java:114)
at org.testng.remote.RemoteTestNG.initAndRun(RemoteTestNG.java:251)
at org.testng.remote.RemoteTestNG.main(RemoteTestNG.java:77)
]]>
            </full-stacktrace>
          </exception> <!-- java.lang.AssertionError -->
          <reporter-output>
          </reporter-output>
        </test-method> <!-- navigated_to_Cricketer_com -->
      </class> <!-- Stepdef.GranthamLive.GRASMO02_Grantham_register_from_wallet -->
    </test> <!-- Signup_from_FUN -->
  </suite> <!--  Popbitch Safari -->
</testng-results>
